{
  "files": {
    "app/__init__.py": {
      "classes": {
        "": {
          "excluded_lines": [
            31,
            32,
            754,
            755,
            756,
            757,
            758,
            759,
            760,
            761,
            762,
            763,
            767,
            768,
            769,
            770,
            771,
            772,
            773,
            774,
            775,
            776,
            777,
            778,
            779,
            780,
            781,
            782
          ],
          "executed_lines": [
            1,
            7,
            8,
            9,
            11,
            12,
            13,
            14,
            15,
            16,
            17,
            18,
            19,
            20,
            22,
            25,
            26,
            29,
            30,
            36,
            39,
            56,
            57,
            58,
            61,
            63,
            64,
            67,
            72,
            73,
            74,
            76,
            79,
            81,
            84,
            85,
            87,
            93,
            94,
            96,
            97,
            114,
            116,
            125,
            126,
            127,
            133,
            135,
            136,
            174,
            176,
            179,
            182,
            184,
            219,
            220,
            237,
            238,
            240,
            245,
            248,
            251,
            253,
            254,
            255,
            258,
            261,
            264,
            273,
            274,
            276,
            318,
            320,
            321,
            368,
            371,
            379,
            381,
            384,
            389,
            390,
            736,
            739,
            742,
            743,
            754,
            755,
            756,
            757,
            760,
            767,
            768,
            773,
            774,
            776,
            785,
            794,
            795,
            796,
            797,
            798,
            800,
            801,
            812,
            813,
            924,
            932,
            934,
            937,
            939,
            942,
            944,
            947,
            949,
            952,
            960,
            970,
            971,
            978,
            979,
            981,
            982,
            984,
            985,
            988,
            990,
            991,
            992,
            993,
            995,
            997,
            998,
            1000,
            1001,
            1003,
            1006,
            1009,
            1010,
            1011,
            1013,
            1014,
            1015,
            1020,
            1021,
            1023,
            1025,
            1026,
            1029,
            1030,
            1032,
            1033,
            1034,
            1042,
            1049,
            1057,
            1058,
            1062,
            1063,
            1067,
            1068,
            1072,
            1073,
            1075,
            1077,
            1078,
            1082,
            1083,
            1087,
            1088
          ],
          "missing_lines": [
            59,
            65,
            66,
            69,
            75,
            77,
            88,
            90,
            110,
            111,
            121,
            138,
            139,
            140,
            141,
            145,
            146,
            148,
            150,
            153,
            155,
            156,
            157,
            158,
            159,
            160,
            165,
            166,
            167,
            173,
            185,
            186,
            187,
            188,
            191,
            192,
            194,
            195,
            196,
            197,
            198,
            205,
            206,
            209,
            211,
            212,
            213,
            214,
            215,
            226,
            227,
            231,
            232,
            233,
            234,
            241,
            242,
            265,
            278,
            281,
            282,
            283,
            284,
            285,
            286,
            287,
            290,
            291,
            292,
            293,
            294,
            296,
            297,
            298,
            299,
            300,
            301,
            303,
            304,
            313,
            315,
            322,
            324,
            326,
            327,
            328,
            330,
            332,
            333,
            334,
            335,
            336,
            338,
            339,
            340,
            341,
            342,
            343,
            344,
            346,
            347,
            349,
            351,
            354,
            355,
            356,
            358,
            359,
            362,
            363,
            364,
            366,
            395,
            396,
            398,
            399,
            401,
            402,
            403,
            404,
            405,
            408,
            409,
            410,
            411,
            412,
            413,
            414,
            415,
            416,
            417,
            419,
            421,
            422,
            426,
            427,
            430,
            431,
            435,
            436,
            439,
            440,
            443,
            444,
            449,
            450,
            453,
            455,
            460,
            461,
            462,
            468,
            469,
            470,
            486,
            487,
            489,
            491,
            492,
            493,
            495,
            501,
            502,
            503,
            506,
            512,
            513,
            518,
            519,
            522,
            523,
            524,
            525,
            526,
            533,
            534,
            536,
            537,
            545,
            546,
            548,
            549,
            550,
            551,
            553,
            554,
            555,
            556,
            557,
            561,
            562,
            563,
            568,
            569,
            574,
            576,
            582,
            583,
            586,
            588,
            593,
            594,
            599,
            600,
            601,
            602,
            603,
            609,
            610,
            611,
            616,
            617,
            620,
            621,
            626,
            627,
            628,
            629,
            630,
            636,
            637,
            638,
            639,
            640,
            641,
            642,
            643,
            648,
            649,
            650,
            651,
            652,
            653,
            656,
            657,
            659,
            660,
            664,
            665,
            666,
            667,
            668,
            694,
            695,
            696,
            697,
            698,
            699,
            700,
            701,
            706,
            707,
            710,
            711,
            712,
            713,
            714,
            715,
            716,
            721,
            724,
            725,
            728,
            730,
            733,
            744,
            746,
            747,
            748,
            750,
            786,
            791,
            803,
            806,
            807,
            808,
            809,
            815,
            816,
            817,
            818,
            849,
            857,
            868,
            871,
            872,
            875,
            876,
            877,
            878,
            879,
            880,
            881,
            882,
            883,
            884,
            885,
            886,
            887,
            888,
            889,
            890,
            892,
            893,
            894,
            895,
            896,
            897,
            898,
            903,
            904,
            906,
            907,
            908,
            909,
            910,
            911,
            912,
            914,
            915,
            917,
            918,
            919,
            920,
            921,
            972,
            973,
            975,
            986,
            987,
            1004,
            1005,
            1012,
            1016,
            1017,
            1018,
            1027,
            1039,
            1040,
            1041,
            1060,
            1065,
            1070,
            1080,
            1085,
            1090
          ],
          "summary": {
            "covered_lines": 158,
            "excluded_lines": 28,
            "missing_lines": 346,
            "num_statements": 504,
            "percent_covered": 31.349206349206348,
            "percent_covered_display": "31"
          }
        }
      },
      "excluded_lines": [
        31,
        32,
        754,
        755,
        756,
        757,
        758,
        759,
        760,
        761,
        762,
        763,
        767,
        768,
        769,
        770,
        771,
        772,
        773,
        774,
        775,
        776,
        777,
        778,
        779,
        780,
        781,
        782
      ],
      "executed_lines": [
        1,
        7,
        8,
        9,
        11,
        12,
        13,
        14,
        15,
        16,
        17,
        18,
        19,
        20,
        22,
        25,
        26,
        29,
        30,
        36,
        39,
        56,
        57,
        58,
        61,
        63,
        64,
        67,
        72,
        73,
        74,
        76,
        79,
        81,
        84,
        85,
        87,
        93,
        94,
        96,
        97,
        114,
        116,
        125,
        126,
        127,
        133,
        135,
        136,
        174,
        176,
        179,
        182,
        184,
        219,
        220,
        237,
        238,
        240,
        245,
        248,
        251,
        253,
        254,
        255,
        258,
        261,
        264,
        273,
        274,
        276,
        318,
        320,
        321,
        368,
        371,
        379,
        381,
        384,
        389,
        390,
        736,
        739,
        742,
        743,
        754,
        755,
        756,
        757,
        760,
        767,
        768,
        773,
        774,
        776,
        785,
        794,
        795,
        796,
        797,
        798,
        800,
        801,
        812,
        813,
        924,
        932,
        934,
        937,
        939,
        942,
        944,
        947,
        949,
        952,
        960,
        970,
        971,
        978,
        979,
        981,
        982,
        984,
        985,
        988,
        990,
        991,
        992,
        993,
        995,
        997,
        998,
        1000,
        1001,
        1003,
        1006,
        1009,
        1010,
        1011,
        1013,
        1014,
        1015,
        1020,
        1021,
        1023,
        1025,
        1026,
        1029,
        1030,
        1032,
        1033,
        1034,
        1042,
        1049,
        1057,
        1058,
        1062,
        1063,
        1067,
        1068,
        1072,
        1073,
        1075,
        1077,
        1078,
        1082,
        1083,
        1087,
        1088
      ],
      "functions": {
        "": {
          "excluded_lines": [
            31,
            32
          ],
          "executed_lines": [
            1,
            7,
            8,
            9,
            11,
            12,
            13,
            14,
            15,
            16,
            17,
            18,
            19,
            20,
            22,
            25,
            26,
            29,
            30,
            36,
            39,
            371,
            924,
            952,
            1049
          ],
          "missing_lines": [],
          "summary": {
            "covered_lines": 24,
            "excluded_lines": 2,
            "missing_lines": 0,
            "num_statements": 24,
            "percent_covered": 100.0,
            "percent_covered_display": "100"
          }
        },
        "create_app": {
          "excluded_lines": [],
          "executed_lines": [
            56,
            57,
            58,
            61,
            63,
            64,
            67,
            72,
            73,
            74,
            76,
            79,
            81,
            84,
            85,
            87,
            93,
            94,
            96,
            97,
            114,
            116,
            125,
            126,
            127,
            133,
            135,
            136,
            174,
            176,
            179,
            182,
            184,
            219,
            220,
            237,
            238,
            240,
            245,
            248,
            251,
            253,
            254,
            255,
            258,
            261,
            264,
            273,
            274,
            276,
            318,
            320,
            321,
            368
          ],
          "missing_lines": [
            59,
            65,
            66,
            69,
            75,
            77,
            88,
            90,
            110,
            111,
            121,
            138,
            139,
            140,
            141,
            145,
            146,
            148,
            150,
            153,
            155,
            156,
            157,
            158,
            159,
            160,
            165,
            166,
            167,
            173,
            185,
            186,
            187,
            188,
            191,
            192,
            194,
            195,
            196,
            197,
            198,
            205,
            206,
            209,
            211,
            212,
            213,
            214,
            215,
            226,
            227,
            231,
            232,
            233,
            234,
            241,
            242,
            265,
            278,
            281,
            282,
            283,
            284,
            285,
            286,
            287,
            290,
            291,
            292,
            293,
            294,
            296,
            297,
            298,
            299,
            300,
            301,
            303,
            304,
            313,
            315,
            322,
            324,
            326,
            327,
            328,
            330,
            332,
            346,
            347,
            349,
            351,
            354,
            355,
            356,
            358,
            359,
            362,
            363,
            364,
            366
          ],
          "summary": {
            "covered_lines": 54,
            "excluded_lines": 0,
            "missing_lines": 101,
            "num_statements": 155,
            "percent_covered": 34.83870967741935,
            "percent_covered_display": "35"
          }
        },
        "create_app._has_files": {
          "excluded_lines": [],
          "executed_lines": [],
          "missing_lines": [
            333,
            334,
            335,
            336,
            338,
            339,
            340,
            341,
            342,
            343,
            344
          ],
          "summary": {
            "covered_lines": 0,
            "excluded_lines": 0,
            "missing_lines": 11,
            "num_statements": 11,
            "percent_covered": 0.0,
            "percent_covered_display": "0"
          }
        },
        "init_extensions": {
          "excluded_lines": [
            754,
            755,
            767,
            768,
            769,
            770,
            771,
            772
          ],
          "executed_lines": [
            379,
            381,
            384,
            389,
            390,
            736,
            739,
            742,
            743,
            754,
            755,
            767,
            768,
            785,
            794,
            795,
            796,
            797,
            798,
            800,
            801,
            812,
            813
          ],
          "missing_lines": [
            395,
            396,
            398,
            399,
            401,
            402,
            403,
            404,
            405,
            408,
            409,
            410,
            411,
            412,
            413,
            414,
            415,
            416,
            417,
            419,
            421,
            422,
            426,
            427,
            430,
            431,
            435,
            436,
            439,
            440,
            443,
            444,
            449,
            450,
            453,
            455,
            460,
            461,
            462,
            468,
            469,
            470,
            486,
            487,
            489,
            491,
            492,
            493,
            495,
            501,
            502,
            503,
            506,
            512,
            513,
            518,
            519,
            522,
            523,
            524,
            525,
            526,
            533,
            534,
            536,
            537,
            545,
            546,
            548,
            549,
            550,
            551,
            553,
            554,
            555,
            556,
            557,
            561,
            562,
            563,
            568,
            569,
            574,
            576,
            582,
            583,
            586,
            588,
            593,
            594,
            599,
            600,
            601,
            602,
            603,
            609,
            610,
            611,
            616,
            617,
            620,
            621,
            626,
            627,
            628,
            629,
            630,
            636,
            637,
            638,
            639,
            640,
            641,
            642,
            643,
            648,
            649,
            650,
            651,
            652,
            653,
            656,
            657,
            659,
            660,
            664,
            665,
            666,
            667,
            668,
            694,
            695,
            696,
            697,
            698,
            699,
            700,
            701,
            706,
            707,
            710,
            711,
            712,
            713,
            714,
            715,
            716,
            721,
            724,
            725,
            728,
            730,
            733,
            744,
            746,
            747,
            748,
            750,
            786,
            791,
            815,
            816,
            817,
            818,
            849,
            857,
            868,
            871,
            872,
            875,
            876,
            877,
            878,
            879,
            880,
            881,
            882,
            883,
            884,
            885,
            886,
            887,
            888,
            889,
            890,
            892,
            893,
            894,
            895,
            896,
            897,
            898,
            903,
            904,
            906,
            907,
            908,
            909,
            910,
            911,
            912,
            914,
            915,
            917,
            918,
            919,
            920,
            921
          ],
          "summary": {
            "covered_lines": 19,
            "excluded_lines": 8,
            "missing_lines": 208,
            "num_statements": 227,
            "percent_covered": 8.370044052863436,
            "percent_covered_display": "8"
          }
        },
        "init_extensions._ensure_clean_db_session": {
          "excluded_lines": [
            756,
            757,
            758,
            759,
            760,
            761,
            762,
            763
          ],
          "executed_lines": [
            756,
            757,
            760
          ],
          "missing_lines": [],
          "summary": {
            "covered_lines": 0,
            "excluded_lines": 8,
            "missing_lines": 0,
            "num_statements": 0,
            "percent_covered": 100.0,
            "percent_covered_display": "100"
          }
        },
        "init_extensions._teardown_request": {
          "excluded_lines": [
            773,
            774,
            775,
            776,
            777,
            778,
            779,
            780,
            781,
            782
          ],
          "executed_lines": [
            773,
            774,
            776
          ],
          "missing_lines": [],
          "summary": {
            "covered_lines": 0,
            "excluded_lines": 10,
            "missing_lines": 0,
            "num_statements": 0,
            "percent_covered": 100.0,
            "percent_covered_display": "100"
          }
        },
        "init_extensions.load_user": {
          "excluded_lines": [],
          "executed_lines": [],
          "missing_lines": [
            803,
            806,
            807,
            808,
            809
          ],
          "summary": {
            "covered_lines": 0,
            "excluded_lines": 0,
            "missing_lines": 5,
            "num_statements": 5,
            "percent_covered": 0.0,
            "percent_covered_display": "0"
          }
        },
        "register_blueprints": {
          "excluded_lines": [],
          "executed_lines": [
            932,
            934,
            937,
            939,
            942,
            944,
            947,
            949
          ],
          "missing_lines": [],
          "summary": {
            "covered_lines": 8,
            "excluded_lines": 0,
            "missing_lines": 0,
            "num_statements": 8,
            "percent_covered": 100.0,
            "percent_covered_display": "100"
          }
        },
        "register_error_handlers": {
          "excluded_lines": [],
          "executed_lines": [
            1057,
            1058,
            1062,
            1063,
            1067,
            1068,
            1072,
            1073,
            1077,
            1078,
            1082,
            1083,
            1087,
            1088
          ],
          "missing_lines": [],
          "summary": {
            "covered_lines": 14,
            "excluded_lines": 0,
            "missing_lines": 0,
            "num_statements": 14,
            "percent_covered": 100.0,
            "percent_covered_display": "100"
          }
        },
        "register_error_handlers.bad_request": {
          "excluded_lines": [],
          "executed_lines": [],
          "missing_lines": [
            1060
          ],
          "summary": {
            "covered_lines": 0,
            "excluded_lines": 0,
            "missing_lines": 1,
            "num_statements": 1,
            "percent_covered": 0.0,
            "percent_covered_display": "0"
          }
        },
        "register_error_handlers.forbidden": {
          "excluded_lines": [],
          "executed_lines": [],
          "missing_lines": [
            1070
          ],
          "summary": {
            "covered_lines": 0,
            "excluded_lines": 0,
            "missing_lines": 1,
            "num_statements": 1,
            "percent_covered": 0.0,
            "percent_covered_display": "0"
          }
        },
        "register_error_handlers.internal_error": {
          "excluded_lines": [],
          "executed_lines": [],
          "missing_lines": [
            1090
          ],
          "summary": {
            "covered_lines": 0,
            "excluded_lines": 0,
            "missing_lines": 1,
            "num_statements": 1,
            "percent_covered": 0.0,
            "percent_covered_display": "0"
          }
        },
        "register_error_handlers.not_found": {
          "excluded_lines": [],
          "executed_lines": [
            1075
          ],
          "missing_lines": [],
          "summary": {
            "covered_lines": 1,
            "excluded_lines": 0,
            "missing_lines": 0,
            "num_statements": 1,
            "percent_covered": 100.0,
            "percent_covered_display": "100"
          }
        },
        "register_error_handlers.ratelimit_handler": {
          "excluded_lines": [],
          "executed_lines": [],
          "missing_lines": [
            1085
          ],
          "summary": {
            "covered_lines": 0,
            "excluded_lines": 0,
            "missing_lines": 1,
            "num_statements": 1,
            "percent_covered": 0.0,
            "percent_covered_display": "0"
          }
        },
        "register_error_handlers.request_entity_too_large": {
          "excluded_lines": [],
          "executed_lines": [],
          "missing_lines": [
            1080
          ],
          "summary": {
            "covered_lines": 0,
            "excluded_lines": 0,
            "missing_lines": 1,
            "num_statements": 1,
            "percent_covered": 0.0,
            "percent_covered_display": "0"
          }
        },
        "register_error_handlers.unauthorized": {
          "excluded_lines": [],
          "executed_lines": [],
          "missing_lines": [
            1065
          ],
          "summary": {
            "covered_lines": 0,
            "excluded_lines": 0,
            "missing_lines": 1,
            "num_statements": 1,
            "percent_covered": 0.0,
            "percent_covered_display": "0"
          }
        },
        "register_template_filters": {
          "excluded_lines": [],
          "executed_lines": [
            960,
            995,
            997,
            998
          ],
          "missing_lines": [],
          "summary": {
            "covered_lines": 4,
            "excluded_lines": 0,
            "missing_lines": 0,
            "num_statements": 4,
            "percent_covered": 100.0,
            "percent_covered_display": "100"
          }
        },
        "register_template_filters.inject_active_theme": {
          "excluded_lines": [],
          "executed_lines": [
            1000,
            1001,
            1003,
            1006,
            1009,
            1020,
            1025,
            1026,
            1029,
            1030,
            1032,
            1033,
            1034,
            1042
          ],
          "missing_lines": [
            1004,
            1005,
            1027,
            1039,
            1040,
            1041
          ],
          "summary": {
            "covered_lines": 14,
            "excluded_lines": 0,
            "missing_lines": 6,
            "num_statements": 20,
            "percent_covered": 70.0,
            "percent_covered_display": "70"
          }
        },
        "register_template_filters.inject_active_theme._hex_to_rgb": {
          "excluded_lines": [],
          "executed_lines": [
            1010,
            1011,
            1013,
            1014,
            1015
          ],
          "missing_lines": [
            1012,
            1016,
            1017,
            1018
          ],
          "summary": {
            "covered_lines": 5,
            "excluded_lines": 0,
            "missing_lines": 4,
            "num_statements": 9,
            "percent_covered": 55.55555555555556,
            "percent_covered_display": "56"
          }
        },
        "register_template_filters.inject_active_theme._luminance": {
          "excluded_lines": [],
          "executed_lines": [
            1021,
            1023
          ],
          "missing_lines": [],
          "summary": {
            "covered_lines": 2,
            "excluded_lines": 0,
            "missing_lines": 0,
            "num_statements": 2,
            "percent_covered": 100.0,
            "percent_covered_display": "100"
          }
        },
        "register_template_filters.safe_count": {
          "excluded_lines": [],
          "executed_lines": [
            970,
            971,
            978,
            979,
            981,
            982,
            984,
            985,
            988,
            990,
            991,
            992,
            993
          ],
          "missing_lines": [
            972,
            973,
            975,
            986,
            987
          ],
          "summary": {
            "covered_lines": 13,
            "excluded_lines": 0,
            "missing_lines": 5,
            "num_statements": 18,
            "percent_covered": 72.22222222222223,
            "percent_covered_display": "72"
          }
        }
      },
      "missing_lines": [
        59,
        65,
        66,
        69,
        75,
        77,
        88,
        90,
        110,
        111,
        121,
        138,
        139,
        140,
        141,
        145,
        146,
        148,
        150,
        153,
        155,
        156,
        157,
        158,
        159,
        160,
        165,
        166,
        167,
        173,
        185,
        186,
        187,
        188,
        191,
        192,
        194,
        195,
        196,
        197,
        198,
        205,
        206,
        209,
        211,
        212,
        213,
        214,
        215,
        226,
        227,
        231,
        232,
        233,
        234,
        241,
        242,
        265,
        278,
        281,
        282,
        283,
        284,
        285,
        286,
        287,
        290,
        291,
        292,
        293,
        294,
        296,
        297,
        298,
        299,
        300,
        301,
        303,
        304,
        313,
        315,
        322,
        324,
        326,
        327,
        328,
        330,
        332,
        333,
        334,
        335,
        336,
        338,
        339,
        340,
        341,
        342,
        343,
        344,
        346,
        347,
        349,
        351,
        354,
        355,
        356,
        358,
        359,
        362,
        363,
        364,
        366,
        395,
        396,
        398,
        399,
        401,
        402,
        403,
        404,
        405,
        408,
        409,
        410,
        411,
        412,
        413,
        414,
        415,
        416,
        417,
        419,
        421,
        422,
        426,
        427,
        430,
        431,
        435,
        436,
        439,
        440,
        443,
        444,
        449,
        450,
        453,
        455,
        460,
        461,
        462,
        468,
        469,
        470,
        486,
        487,
        489,
        491,
        492,
        493,
        495,
        501,
        502,
        503,
        506,
        512,
        513,
        518,
        519,
        522,
        523,
        524,
        525,
        526,
        533,
        534,
        536,
        537,
        545,
        546,
        548,
        549,
        550,
        551,
        553,
        554,
        555,
        556,
        557,
        561,
        562,
        563,
        568,
        569,
        574,
        576,
        582,
        583,
        586,
        588,
        593,
        594,
        599,
        600,
        601,
        602,
        603,
        609,
        610,
        611,
        616,
        617,
        620,
        621,
        626,
        627,
        628,
        629,
        630,
        636,
        637,
        638,
        639,
        640,
        641,
        642,
        643,
        648,
        649,
        650,
        651,
        652,
        653,
        656,
        657,
        659,
        660,
        664,
        665,
        666,
        667,
        668,
        694,
        695,
        696,
        697,
        698,
        699,
        700,
        701,
        706,
        707,
        710,
        711,
        712,
        713,
        714,
        715,
        716,
        721,
        724,
        725,
        728,
        730,
        733,
        744,
        746,
        747,
        748,
        750,
        786,
        791,
        803,
        806,
        807,
        808,
        809,
        815,
        816,
        817,
        818,
        849,
        857,
        868,
        871,
        872,
        875,
        876,
        877,
        878,
        879,
        880,
        881,
        882,
        883,
        884,
        885,
        886,
        887,
        888,
        889,
        890,
        892,
        893,
        894,
        895,
        896,
        897,
        898,
        903,
        904,
        906,
        907,
        908,
        909,
        910,
        911,
        912,
        914,
        915,
        917,
        918,
        919,
        920,
        921,
        972,
        973,
        975,
        986,
        987,
        1004,
        1005,
        1012,
        1016,
        1017,
        1018,
        1027,
        1039,
        1040,
        1041,
        1060,
        1065,
        1070,
        1080,
        1085,
        1090
      ],
      "summary": {
        "covered_lines": 158,
        "excluded_lines": 28,
        "missing_lines": 346,
        "num_statements": 504,
        "percent_covered": 31.349206349206348,
        "percent_covered_display": "31"
      }
    },
    "app/admin/__init__.py": {
      "classes": {
        "": {
          "excluded_lines": [],
          "executed_lines": [],
          "missing_lines": [],
          "summary": {
            "covered_lines": 0,
            "excluded_lines": 0,
            "missing_lines": 0,
            "num_statements": 0,
            "percent_covered": 100.0,
            "percent_covered_display": "100"
          }
        }
      },
      "excluded_lines": [],
      "executed_lines": [
        1
      ],
      "functions": {
        "": {
          "excluded_lines": [],
          "executed_lines": [],
          "missing_lines": [],
          "summary": {
            "covered_lines": 0,
            "excluded_lines": 0,
            "missing_lines": 0,
            "num_statements": 0,
            "percent_covered": 100.0,
            "percent_covered_display": "100"
          }
        }
      },
      "missing_lines": [],
      "summary": {
        "covered_lines": 0,
        "excluded_lines": 0,
        "missing_lines": 0,
        "num_statements": 0,
        "percent_covered": 100.0,
        "percent_covered_display": "100"
      }
    },
    "app/admin/routes.py": {
      "classes": {
        "": {
          "excluded_lines": [],
          "executed_lines": [
            1,
            7,
            8,
            9,
            10,
            11,
            12,
            14,
            25,
            26,
            27,
            29,
            43,
            44,
            45,
            48,
            51,
            62,
            63,
            69,
            72,
            73,
            74,
            75,
            113,
            114,
            115,
            116,
            167,
            168,
            169,
            170,
            217,
            218,
            219,
            220,
            268,
            269,
            270,
            271,
            322,
            323,
            324,
            325,
            340,
            341,
            342,
            343,
            448,
            449,
            450,
            451,
            557,
            558,
            559,
            560,
            577,
            578,
            579,
            580,
            620,
            621,
            622,
            623,
            650,
            651,
            652,
            653,
            672,
            673,
            674,
            675,
            692,
            693,
            694,
            695,
            740,
            741,
            742,
            743,
            785,
            786,
            787,
            788,
            825,
            826,
            827,
            828,
            894,
            895,
            896,
            897,
            953,
            954,
            955,
            956,
            983,
            984,
            985,
            986,
            1377,
            1378,
            1379,
            1380,
            1417,
            1418,
            1419,
            1420,
            1460,
            1580,
            1581,
            1582,
            1583,
            1656,
            1657,
            1658,
            1659,
            1678,
            1679,
            1680,
            1681,
            1686,
            1687,
            1688,
            1689,
            1748,
            1749,
            1750,
            1751,
            1818,
            1819,
            1820,
            1821,
            1864,
            1865,
            1866,
            1867,
            1910
          ],
          "missing_lines": [
            64,
            65,
            66,
            67,
            86,
            105,
            123,
            124,
            127,
            128,
            129,
            132,
            134,
            135,
            137,
            138,
            139,
            140,
            142,
            143,
            144,
            151,
            155,
            172,
            173,
            174,
            175,
            176,
            177,
            178,
            179,
            180,
            181,
            182,
            185,
            186,
            187,
            188,
            198,
            199,
            200,
            201,
            203,
            204,
            205,
            206,
            207,
            208,
            209,
            210,
            212,
            230,
            231,
            232,
            235,
            250,
            253,
            254,
            258,
            273,
            274,
            275,
            276,
            277,
            278,
            279,
            280,
            281,
            282,
            283,
            284,
            285,
            286,
            288,
            289,
            290,
            292,
            293,
            294,
            295,
            296,
            297,
            298,
            299,
            300,
            301,
            303,
            304,
            305,
            306,
            307,
            308,
            309,
            310,
            311,
            328,
            329,
            331,
            332,
            333,
            334,
            337,
            344,
            345,
            346,
            347,
            348,
            349,
            350,
            352,
            356,
            357,
            358,
            359,
            360,
            361,
            362,
            364,
            367,
            368,
            369,
            371,
            372,
            374,
            375,
            376,
            377,
            378,
            379,
            384,
            386,
            387,
            388,
            389,
            390,
            391,
            394,
            395,
            396,
            397,
            398,
            399,
            400,
            401,
            404,
            405,
            406,
            407,
            408,
            409,
            410,
            411,
            413,
            437,
            438,
            439,
            440,
            441,
            442,
            443,
            444,
            445,
            452,
            453,
            454,
            455,
            456,
            457,
            458,
            460,
            461,
            462,
            464,
            465,
            466,
            471,
            473,
            474,
            475,
            476,
            477,
            478,
            481,
            482,
            487,
            488,
            489,
            490,
            491,
            492,
            493,
            494,
            496,
            500,
            504,
            509,
            510,
            511,
            512,
            513,
            514,
            515,
            516,
            518,
            522,
            526,
            529,
            534,
            535,
            537,
            542,
            545,
            546,
            547,
            548,
            549,
            550,
            551,
            552,
            561,
            562,
            563,
            564,
            566,
            567,
            568,
            569,
            570,
            571,
            572,
            573,
            574,
            590,
            591,
            593,
            594,
            595,
            597,
            598,
            599,
            601,
            602,
            606,
            614,
            615,
            616,
            617,
            625,
            626,
            627,
            628,
            629,
            630,
            631,
            632,
            633,
            635,
            644,
            645,
            646,
            647,
            658,
            659,
            660,
            661,
            662,
            663,
            664,
            665,
            666,
            667,
            668,
            669,
            677,
            678,
            679,
            680,
            681,
            682,
            683,
            684,
            685,
            686,
            687,
            688,
            689,
            705,
            706,
            708,
            709,
            710,
            712,
            713,
            714,
            715,
            717,
            718,
            720,
            722,
            726,
            734,
            735,
            736,
            737,
            750,
            751,
            754,
            755,
            758,
            760,
            761,
            763,
            764,
            766,
            771,
            773,
            790,
            791,
            792,
            793,
            794,
            795,
            796,
            797,
            798,
            799,
            800,
            801,
            802,
            803,
            805,
            806,
            807,
            808,
            809,
            810,
            811,
            812,
            813,
            815,
            816,
            830,
            831,
            832,
            835,
            836,
            838,
            840,
            841,
            842,
            844,
            847,
            848,
            849,
            850,
            852,
            853,
            854,
            855,
            856,
            861,
            862,
            863,
            864,
            866,
            867,
            868,
            869,
            870,
            871,
            872,
            873,
            875,
            876,
            877,
            878,
            881,
            882,
            884,
            885,
            886,
            887,
            888,
            889,
            890,
            891,
            905,
            914,
            920,
            926,
            927,
            933,
            935,
            938,
            939,
            940,
            942,
            965,
            993,
            994,
            1101,
            1109,
            1110,
            1111,
            1113,
            1116,
            1117,
            1118,
            1119,
            1122,
            1124,
            1125,
            1126,
            1127,
            1128,
            1130,
            1131,
            1132,
            1133,
            1134,
            1136,
            1137,
            1138,
            1139,
            1140,
            1141,
            1143,
            1144,
            1145,
            1146,
            1147,
            1148,
            1149,
            1150,
            1151,
            1152,
            1153,
            1155,
            1156,
            1157,
            1158,
            1160,
            1161,
            1166,
            1171,
            1172,
            1176,
            1177,
            1178,
            1181,
            1182,
            1185,
            1186,
            1187,
            1188,
            1192,
            1230,
            1231,
            1232,
            1233,
            1234,
            1235,
            1236,
            1237,
            1238,
            1239,
            1240,
            1241,
            1247,
            1248,
            1250,
            1251,
            1252,
            1253,
            1260,
            1262,
            1263,
            1264,
            1265,
            1266,
            1267,
            1268,
            1270,
            1273,
            1274,
            1275,
            1276,
            1277,
            1278,
            1279,
            1280,
            1281,
            1282,
            1283,
            1284,
            1287,
            1288,
            1289,
            1291,
            1292,
            1293,
            1294,
            1295,
            1296,
            1303,
            1305,
            1306,
            1307,
            1308,
            1309,
            1310,
            1311,
            1312,
            1313,
            1314,
            1315,
            1317,
            1318,
            1319,
            1320,
            1321,
            1322,
            1324,
            1325,
            1329,
            1330,
            1336,
            1337,
            1339,
            1343,
            1344,
            1345,
            1346,
            1347,
            1349,
            1352,
            1353,
            1354,
            1355,
            1356,
            1357,
            1358,
            1360,
            1363,
            1364,
            1366,
            1387,
            1388,
            1389,
            1390,
            1392,
            1393,
            1395,
            1396,
            1397,
            1398,
            1399,
            1401,
            1402,
            1403,
            1404,
            1405,
            1406,
            1408,
            1409,
            1410,
            1411,
            1412,
            1413,
            1414,
            1422,
            1423,
            1424,
            1425,
            1426,
            1430,
            1433,
            1434,
            1438,
            1440,
            1441,
            1442,
            1450,
            1451,
            1452,
            1453,
            1454,
            1457,
            1483,
            1485,
            1486,
            1497,
            1508,
            1509,
            1510,
            1512,
            1513,
            1514,
            1515,
            1516,
            1518,
            1519,
            1520,
            1521,
            1522,
            1523,
            1526,
            1527,
            1528,
            1529,
            1532,
            1533,
            1534,
            1535,
            1538,
            1539,
            1540,
            1541,
            1544,
            1545,
            1546,
            1547,
            1550,
            1551,
            1552,
            1553,
            1556,
            1557,
            1558,
            1559,
            1562,
            1565,
            1566,
            1567,
            1568,
            1569,
            1570,
            1571,
            1572,
            1573,
            1577,
            1590,
            1591,
            1593,
            1601,
            1602,
            1603,
            1604,
            1605,
            1606,
            1607,
            1608,
            1609,
            1612,
            1613,
            1614,
            1621,
            1622,
            1624,
            1625,
            1627,
            1628,
            1629,
            1630,
            1631,
            1633,
            1646,
            1661,
            1662,
            1663,
            1670,
            1671,
            1672,
            1682,
            1683,
            1690,
            1691,
            1692,
            1693,
            1694,
            1696,
            1715,
            1716,
            1717,
            1718,
            1719,
            1720,
            1721,
            1722,
            1723,
            1732,
            1734,
            1735,
            1737,
            1738,
            1739,
            1740,
            1741,
            1742,
            1743,
            1744,
            1745,
            1752,
            1753,
            1754,
            1755,
            1756,
            1757,
            1758,
            1760,
            1776,
            1777,
            1778,
            1780,
            1781,
            1782,
            1783,
            1785,
            1786,
            1787,
            1788,
            1789,
            1790,
            1792,
            1793,
            1794,
            1798,
            1799,
            1801,
            1802,
            1803,
            1804,
            1805,
            1806,
            1807,
            1808,
            1809,
            1810,
            1811,
            1812,
            1813,
            1822,
            1824,
            1825,
            1828,
            1831,
            1832,
            1833,
            1834,
            1835,
            1836,
            1837,
            1838,
            1839,
            1840,
            1841,
            1843,
            1844,
            1845,
            1846,
            1847,
            1848,
            1849,
            1850,
            1851,
            1852,
            1853,
            1854,
            1855,
            1856,
            1857,
            1858,
            1859,
            1860,
            1861,
            1868,
            1870,
            1871,
            1874,
            1877,
            1879,
            1880,
            1881,
            1882,
            1883,
            1885,
            1886,
            1888,
            1889,
            1891,
            1892,
            1893,
            1894,
            1895,
            1897,
            1898,
            1900,
            1901,
            1902,
            1903,
            1904,
            1905,
            1906,
            1907,
            1912,
            1915,
            1916,
            1921,
            1922,
            1923,
            1924,
            1925,
            1926,
            1928,
            1929,
            1931,
            1932,
            1933,
            1934,
            1935,
            1936,
            1937,
            1938,
            1939,
            1940
          ],
          "summary": {
            "covered_lines": 137,
            "excluded_lines": 0,
            "missing_lines": 825,
            "num_statements": 962,
            "percent_covered": 14.241164241164242,
            "percent_covered_display": "14"
          }
        }
      },
      "excluded_lines": [],
      "executed_lines": [
        1,
        7,
        8,
        9,
        10,
        11,
        12,
        14,
        25,
        26,
        27,
        29,
        43,
        44,
        45,
        48,
        51,
        62,
        63,
        69,
        72,
        73,
        74,
        75,
        113,
        114,
        115,
        116,
        167,
        168,
        169,
        170,
        217,
        218,
        219,
        220,
        268,
        269,
        270,
        271,
        322,
        323,
        324,
        325,
        340,
        341,
        342,
        343,
        448,
        449,
        450,
        451,
        557,
        558,
        559,
        560,
        577,
        578,
        579,
        580,
        620,
        621,
        622,
        623,
        650,
        651,
        652,
        653,
        672,
        673,
        674,
        675,
        692,
        693,
        694,
        695,
        740,
        741,
        742,
        743,
        785,
        786,
        787,
        788,
        825,
        826,
        827,
        828,
        894,
        895,
        896,
        897,
        953,
        954,
        955,
        956,
        983,
        984,
        985,
        986,
        1377,
        1378,
        1379,
        1380,
        1417,
        1418,
        1419,
        1420,
        1460,
        1580,
        1581,
        1582,
        1583,
        1656,
        1657,
        1658,
        1659,
        1678,
        1679,
        1680,
        1681,
        1686,
        1687,
        1688,
        1689,
        1748,
        1749,
        1750,
        1751,
        1818,
        1819,
        1820,
        1821,
        1864,
        1865,
        1866,
        1867,
        1910
      ],
      "functions": {
        "": {
          "excluded_lines": [],
          "executed_lines": [
            1,
            7,
            8,
            9,
            10,
            11,
            12,
            14,
            25,
            26,
            27,
            29,
            43,
            44,
            45,
            48,
            51,
            72,
            73,
            74,
            75,
            113,
            114,
            115,
            116,
            167,
            168,
            169,
            170,
            217,
            218,
            219,
            220,
            268,
            269,
            270,
            271,
            322,
            323,
            324,
            325,
            340,
            341,
            342,
            343,
            448,
            449,
            450,
            451,
            557,
            558,
            559,
            560,
            577,
            578,
            579,
            580,
            620,
            621,
            622,
            623,
            650,
            651,
            652,
            653,
            672,
            673,
            674,
            675,
            692,
            693,
            694,
            695,
            740,
            741,
            742,
            743,
            785,
            786,
            787,
            788,
            825,
            826,
            827,
            828,
            894,
            895,
            896,
            897,
            953,
            954,
            955,
            956,
            983,
            984,
            985,
            986,
            1377,
            1378,
            1379,
            1380,
            1417,
            1418,
            1419,
            1420,
            1460,
            1580,
            1581,
            1582,
            1583,
            1656,
            1657,
            1658,
            1659,
            1678,
            1679,
            1680,
            1681,
            1686,
            1687,
            1688,
            1689,
            1748,
            1749,
            1750,
            1751,
            1818,
            1819,
            1820,
            1821,
            1864,
            1865,
            1866,
            1867,
            1910
          ],
          "missing_lines": [],
          "summary": {
            "covered_lines": 134,
            "excluded_lines": 0,
            "missing_lines": 0,
            "num_statements": 134,
            "percent_covered": 100.0,
            "percent_covered_display": "100"
          }
        },
        "_handle_theme_uploads": {
          "excluded_lines": [],
          "executed_lines": [],
          "missing_lines": [
            1912,
            1915,
            1916,
            1921,
            1922,
            1923,
            1924,
            1925,
            1926,
            1928,
            1929,
            1931,
            1932,
            1933,
            1934,
            1935,
            1936,
            1937,
            1938,
            1939,
            1940
          ],
          "summary": {
            "covered_lines": 0,
            "excluded_lines": 0,
            "missing_lines": 21,
            "num_statements": 21,
            "percent_covered": 0.0,
            "percent_covered_display": "0"
          }
        },
        "_purge_all_user_data": {
          "excluded_lines": [],
          "executed_lines": [],
          "missing_lines": [
            1483,
            1485,
            1486,
            1497,
            1508,
            1509,
            1510,
            1512,
            1513,
            1514,
            1515,
            1516,
            1518,
            1519,
            1520,
            1521,
            1522,
            1523,
            1526,
            1527,
            1528,
            1529,
            1532,
            1533,
            1534,
            1535,
            1538,
            1539,
            1540,
            1541,
            1544,
            1545,
            1546,
            1547,
            1550,
            1551,
            1552,
            1553,
            1556,
            1557,
            1558,
            1559,
            1562,
            1565,
            1566,
            1567,
            1568,
            1569,
            1570,
            1571,
            1572,
            1573,
            1577
          ],
          "summary": {
            "covered_lines": 0,
            "excluded_lines": 0,
            "missing_lines": 53,
            "num_statements": 53,
            "percent_covered": 0.0,
            "percent_covered_display": "0"
          }
        },
        "admin_required": {
          "excluded_lines": [],
          "executed_lines": [
            62,
            63,
            69
          ],
          "missing_lines": [],
          "summary": {
            "covered_lines": 3,
            "excluded_lines": 0,
            "missing_lines": 0,
            "num_statements": 3,
            "percent_covered": 100.0,
            "percent_covered_display": "100"
          }
        },
        "admin_required.decorated_function": {
          "excluded_lines": [],
          "executed_lines": [],
          "missing_lines": [
            64,
            65,
            66,
            67
          ],
          "summary": {
            "covered_lines": 0,
            "excluded_lines": 0,
            "missing_lines": 4,
            "num_statements": 4,
            "percent_covered": 0.0,
            "percent_covered_display": "0"
          }
        },
        "admin_reset_password": {
          "excluded_lines": [],
          "executed_lines": [],
          "missing_lines": [
            625,
            626,
            627,
            628,
            629,
            630,
            631,
            632,
            633,
            635,
            644,
            645,
            646,
            647
          ],
          "summary": {
            "covered_lines": 0,
            "excluded_lines": 0,
            "missing_lines": 14,
            "num_statements": 14,
            "percent_covered": 0.0,
            "percent_covered_display": "0"
          }
        },
        "dashboard": {
          "excluded_lines": [],
          "executed_lines": [],
          "missing_lines": [
            86,
            105
          ],
          "summary": {
            "covered_lines": 0,
            "excluded_lines": 0,
            "missing_lines": 2,
            "num_statements": 2,
            "percent_covered": 0.0,
            "percent_covered_display": "0"
          }
        },
        "logs": {
          "excluded_lines": [],
          "executed_lines": [],
          "missing_lines": [
            965
          ],
          "summary": {
            "covered_lines": 0,
            "excluded_lines": 0,
            "missing_lines": 1,
            "num_statements": 1,
            "percent_covered": 0.0,
            "percent_covered_display": "0"
          }
        },
        "maintenance": {
          "excluded_lines": [],
          "executed_lines": [],
          "missing_lines": [
            1422,
            1423,
            1424,
            1425,
            1426,
            1430,
            1433,
            1434,
            1438,
            1440,
            1441,
            1442,
            1450,
            1451,
            1452,
            1453,
            1454,
            1457
          ],
          "summary": {
            "covered_lines": 0,
            "excluded_lines": 0,
            "missing_lines": 18,
            "num_statements": 18,
            "percent_covered": 0.0,
            "percent_covered_display": "0"
          }
        },
        "project_delete": {
          "excluded_lines": [],
          "executed_lines": [],
          "missing_lines": [
            830,
            831,
            832,
            835,
            836,
            838,
            840,
            841,
            842,
            844,
            847,
            848,
            849,
            850,
            852,
            853,
            854,
            855,
            856,
            861,
            862,
            863,
            864,
            866,
            867,
            868,
            869,
            870,
            871,
            872,
            873,
            875,
            876,
            877,
            878,
            881,
            882,
            884,
            885,
            886,
            887,
            888,
            889,
            890,
            891
          ],
          "summary": {
            "covered_lines": 0,
            "excluded_lines": 0,
            "missing_lines": 45,
            "num_statements": 45,
            "percent_covered": 0.0,
            "percent_covered_display": "0"
          }
        },
        "project_edit": {
          "excluded_lines": [],
          "executed_lines": [],
          "missing_lines": [
            790,
            791,
            792,
            793,
            794,
            795,
            796,
            797,
            798,
            799,
            800,
            801,
            802,
            803,
            805,
            806,
            807,
            808,
            809,
            810,
            811,
            812,
            813,
            815,
            816
          ],
          "summary": {
            "covered_lines": 0,
            "excluded_lines": 0,
            "missing_lines": 25,
            "num_statements": 25,
            "percent_covered": 0.0,
            "percent_covered_display": "0"
          }
        },
        "projects": {
          "excluded_lines": [],
          "executed_lines": [],
          "missing_lines": [
            750,
            751,
            754,
            755,
            758,
            760,
            761,
            763,
            764,
            766,
            771,
            773
          ],
          "summary": {
            "covered_lines": 0,
            "excluded_lines": 0,
            "missing_lines": 12,
            "num_statements": 12,
            "percent_covered": 0.0,
            "percent_covered_display": "0"
          }
        },
        "promote_user": {
          "excluded_lines": [],
          "executed_lines": [],
          "missing_lines": [
            705,
            706,
            708,
            709,
            710,
            712,
            713,
            714,
            715,
            717,
            718,
            720,
            722,
            726,
            734,
            735,
            736,
            737
          ],
          "summary": {
            "covered_lines": 0,
            "excluded_lines": 0,
            "missing_lines": 18,
            "num_statements": 18,
            "percent_covered": 0.0,
            "percent_covered_display": "0"
          }
        },
        "resend_verification": {
          "excluded_lines": [],
          "executed_lines": [],
          "missing_lines": [
            658,
            659,
            660,
            661,
            662,
            663,
            664,
            665,
            666,
            667,
            668,
            669
          ],
          "summary": {
            "covered_lines": 0,
            "excluded_lines": 0,
            "missing_lines": 12,
            "num_statements": 12,
            "percent_covered": 0.0,
            "percent_covered_display": "0"
          }
        },
        "restart": {
          "excluded_lines": [],
          "executed_lines": [],
          "missing_lines": [
            1387,
            1388,
            1389,
            1390,
            1392,
            1393,
            1395,
            1396,
            1397,
            1398,
            1399,
            1401,
            1402,
            1403,
            1404,
            1405,
            1406,
            1408,
            1409,
            1410,
            1411,
            1412,
            1413,
            1414
          ],
          "summary": {
            "covered_lines": 0,
            "excluded_lines": 0,
            "missing_lines": 24,
            "num_statements": 24,
            "percent_covered": 0.0,
            "percent_covered_display": "0"
          }
        },
        "system_config": {
          "excluded_lines": [],
          "executed_lines": [],
          "missing_lines": [
            993,
            994,
            1101,
            1109,
            1110,
            1111,
            1113,
            1116,
            1117,
            1118,
            1119,
            1122,
            1124,
            1130,
            1136,
            1143,
            1160,
            1161,
            1166,
            1171,
            1172,
            1176,
            1177,
            1178,
            1181,
            1182,
            1185,
            1186,
            1187,
            1188,
            1192,
            1230,
            1231,
            1232,
            1233,
            1234,
            1235,
            1236,
            1237,
            1238,
            1239,
            1240,
            1241,
            1247,
            1248,
            1250,
            1251,
            1252,
            1253,
            1260,
            1262,
            1263,
            1264,
            1265,
            1266,
            1267,
            1268,
            1270,
            1273,
            1274,
            1275,
            1276,
            1277,
            1278,
            1279,
            1280,
            1281,
            1282,
            1283,
            1284,
            1287,
            1288,
            1289,
            1291,
            1292,
            1293,
            1294,
            1295,
            1296,
            1303,
            1305,
            1306,
            1307,
            1308,
            1309,
            1310,
            1311,
            1312,
            1313,
            1314,
            1315,
            1317,
            1318,
            1319,
            1320,
            1321,
            1322,
            1324,
            1325,
            1329,
            1330,
            1336,
            1337,
            1339,
            1343,
            1344,
            1345,
            1346,
            1347,
            1349,
            1352,
            1353,
            1354,
            1355,
            1356,
            1357,
            1358,
            1360,
            1363,
            1364,
            1366
          ],
          "summary": {
            "covered_lines": 0,
            "excluded_lines": 0,
            "missing_lines": 121,
            "num_statements": 121,
            "percent_covered": 0.0,
            "percent_covered_display": "0"
          }
        },
        "system_config._exists": {
          "excluded_lines": [],
          "executed_lines": [],
          "missing_lines": [
            1125,
            1126,
            1127,
            1128
          ],
          "summary": {
            "covered_lines": 0,
            "excluded_lines": 0,
            "missing_lines": 4,
            "num_statements": 4,
            "percent_covered": 0.0,
            "percent_covered_display": "0"
          }
        },
        "system_config._redact": {
          "excluded_lines": [],
          "executed_lines": [],
          "missing_lines": [
            1144,
            1145,
            1146,
            1147,
            1148,
            1149,
            1150,
            1151,
            1152,
            1153,
            1155,
            1156,
            1157,
            1158
          ],
          "summary": {
            "covered_lines": 0,
            "excluded_lines": 0,
            "missing_lines": 14,
            "num_statements": 14,
            "percent_covered": 0.0,
            "percent_covered_display": "0"
          }
        },
        "system_config._rw": {
          "excluded_lines": [],
          "executed_lines": [],
          "missing_lines": [
            1131,
            1132,
            1133,
            1134
          ],
          "summary": {
            "covered_lines": 0,
            "excluded_lines": 0,
            "missing_lines": 4,
            "num_statements": 4,
            "percent_covered": 0.0,
            "percent_covered_display": "0"
          }
        },
        "system_config._world_writable": {
          "excluded_lines": [],
          "executed_lines": [],
          "missing_lines": [
            1137,
            1138,
            1139,
            1140,
            1141
          ],
          "summary": {
            "covered_lines": 0,
            "excluded_lines": 0,
            "missing_lines": 5,
            "num_statements": 5,
            "percent_covered": 0.0,
            "percent_covered_display": "0"
          }
        },
        "system_info": {
          "excluded_lines": [],
          "executed_lines": [],
          "missing_lines": [
            905,
            914,
            920,
            926,
            927,
            933,
            935,
            938,
            939,
            940,
            942
          ],
          "summary": {
            "covered_lines": 0,
            "excluded_lines": 0,
            "missing_lines": 11,
            "num_statements": 11,
            "percent_covered": 0.0,
            "percent_covered_display": "0"
          }
        },
        "theme_activate": {
          "excluded_lines": [],
          "executed_lines": [],
          "missing_lines": [
            1868,
            1870,
            1871,
            1874,
            1877,
            1879,
            1880,
            1881,
            1882,
            1883,
            1885,
            1886,
            1888,
            1889,
            1891,
            1892,
            1893,
            1894,
            1895,
            1897,
            1898,
            1900,
            1901,
            1902,
            1903,
            1904,
            1905,
            1906,
            1907
          ],
          "summary": {
            "covered_lines": 0,
            "excluded_lines": 0,
            "missing_lines": 29,
            "num_statements": 29,
            "percent_covered": 0.0,
            "percent_covered_display": "0"
          }
        },
        "theme_create": {
          "excluded_lines": [],
          "executed_lines": [],
          "missing_lines": [
            1690,
            1691,
            1692,
            1693,
            1694,
            1696,
            1715,
            1716,
            1717,
            1718,
            1719,
            1720,
            1721,
            1722,
            1723,
            1732,
            1734,
            1735,
            1737,
            1738,
            1739,
            1740,
            1741,
            1742,
            1743,
            1744,
            1745
          ],
          "summary": {
            "covered_lines": 0,
            "excluded_lines": 0,
            "missing_lines": 27,
            "num_statements": 27,
            "percent_covered": 0.0,
            "percent_covered_display": "0"
          }
        },
        "theme_delete": {
          "excluded_lines": [],
          "executed_lines": [],
          "missing_lines": [
            1822,
            1824,
            1825,
            1828,
            1831,
            1832,
            1833,
            1834,
            1835,
            1836,
            1837,
            1838,
            1839,
            1840,
            1841,
            1843,
            1844,
            1845,
            1846,
            1847,
            1848,
            1849,
            1850,
            1851,
            1852,
            1853,
            1854,
            1855,
            1856,
            1857,
            1858,
            1859,
            1860,
            1861
          ],
          "summary": {
            "covered_lines": 0,
            "excluded_lines": 0,
            "missing_lines": 34,
            "num_statements": 34,
            "percent_covered": 0.0,
            "percent_covered_display": "0"
          }
        },
        "theme_edit": {
          "excluded_lines": [],
          "executed_lines": [],
          "missing_lines": [
            1752,
            1753,
            1754,
            1755,
            1756,
            1757,
            1758,
            1760,
            1776,
            1777,
            1778,
            1780,
            1781,
            1782,
            1783,
            1785,
            1786,
            1787,
            1788,
            1789,
            1790,
            1792,
            1793,
            1794,
            1798,
            1799,
            1801,
            1802,
            1803,
            1804,
            1805,
            1806,
            1807,
            1808,
            1809,
            1810,
            1811,
            1812,
            1813
          ],
          "summary": {
            "covered_lines": 0,
            "excluded_lines": 0,
            "missing_lines": 39,
            "num_statements": 39,
            "percent_covered": 0.0,
            "percent_covered_display": "0"
          }
        },
        "themes_list": {
          "excluded_lines": [],
          "executed_lines": [],
          "missing_lines": [
            1682,
            1683
          ],
          "summary": {
            "covered_lines": 0,
            "excluded_lines": 0,
            "missing_lines": 2,
            "num_statements": 2,
            "percent_covered": 0.0,
            "percent_covered_display": "0"
          }
        },
        "tier_create": {
          "excluded_lines": [],
          "executed_lines": [],
          "missing_lines": [
            344,
            345,
            346,
            347,
            348,
            349,
            350,
            352,
            356,
            357,
            358,
            359,
            360,
            361,
            362,
            364,
            367,
            368,
            369,
            371,
            372,
            374,
            375,
            376,
            377,
            378,
            379,
            384,
            386,
            394,
            404,
            413,
            437,
            438,
            439,
            440,
            441,
            442,
            443,
            444,
            445
          ],
          "summary": {
            "covered_lines": 0,
            "excluded_lines": 0,
            "missing_lines": 41,
            "num_statements": 41,
            "percent_covered": 0.0,
            "percent_covered_display": "0"
          }
        },
        "tier_create._mb_to_bytes": {
          "excluded_lines": [],
          "executed_lines": [],
          "missing_lines": [
            395,
            396,
            397,
            398,
            399,
            400,
            401
          ],
          "summary": {
            "covered_lines": 0,
            "excluded_lines": 0,
            "missing_lines": 7,
            "num_statements": 7,
            "percent_covered": 0.0,
            "percent_covered_display": "0"
          }
        },
        "tier_create._min_to_sec": {
          "excluded_lines": [],
          "executed_lines": [],
          "missing_lines": [
            405,
            406,
            407,
            408,
            409,
            410,
            411
          ],
          "summary": {
            "covered_lines": 0,
            "excluded_lines": 0,
            "missing_lines": 7,
            "num_statements": 7,
            "percent_covered": 0.0,
            "percent_covered_display": "0"
          }
        },
        "tier_create._to_int_or_none": {
          "excluded_lines": [],
          "executed_lines": [],
          "missing_lines": [
            387,
            388,
            389,
            390,
            391
          ],
          "summary": {
            "covered_lines": 0,
            "excluded_lines": 0,
            "missing_lines": 5,
            "num_statements": 5,
            "percent_covered": 0.0,
[...]
          ],
          "summary": {
            "covered_lines": 0,
            "excluded_lines": 0,
            "missing_lines": 6,
            "num_statements": 6,
            "percent_covered": 0.0,
            "percent_covered_display": "0"
          }
        },
        "get_clip_metadata": {
          "excluded_lines": [],
          "executed_lines": [
            87
          ],
          "missing_lines": [],
          "summary": {
            "covered_lines": 1,
            "excluded_lines": 0,
            "missing_lines": 0,
            "num_statements": 1,
            "percent_covered": 100.0,
            "percent_covered_display": "100"
          }
        },
        "get_compilation_context": {
          "excluded_lines": [],
          "executed_lines": [],
          "missing_lines": [
            474
          ],
          "summary": {
            "covered_lines": 0,
            "excluded_lines": 0,
            "missing_lines": 1,
            "num_statements": 1,
            "percent_covered": 0.0,
            "percent_covered_display": "0"
          }
        },
        "get_media_batch": {
          "excluded_lines": [],
          "executed_lines": [],
          "missing_lines": [
            499,
            500
          ],
          "summary": {
            "covered_lines": 0,
            "excluded_lines": 0,
            "missing_lines": 2,
            "num_statements": 2,
            "percent_covered": 0.0,
            "percent_covered_display": "0"
          }
        },
        "get_media_metadata": {
          "excluded_lines": [],
          "executed_lines": [],
          "missing_lines": [
            135
          ],
          "summary": {
            "covered_lines": 0,
            "excluded_lines": 0,
            "missing_lines": 1,
            "num_statements": 1,
            "percent_covered": 0.0,
            "percent_covered_display": "0"
          }
        },
        "get_processing_job": {
          "excluded_lines": [],
          "executed_lines": [],
          "missing_lines": [
            179
          ],
          "summary": {
            "covered_lines": 0,
            "excluded_lines": 0,
            "missing_lines": 1,
            "num_statements": 1,
            "percent_covered": 0.0,
            "percent_covered_display": "0"
          }
        },
        "get_project_metadata": {
          "excluded_lines": [],
          "executed_lines": [],
          "missing_lines": [
            233
          ],
          "summary": {
            "covered_lines": 0,
            "excluded_lines": 0,
            "missing_lines": 1,
            "num_statements": 1,
            "percent_covered": 0.0,
            "percent_covered_display": "0"
          }
        },
        "get_user_quota": {
          "excluded_lines": [],
          "executed_lines": [],
          "missing_lines": [
            394
          ],
          "summary": {
            "covered_lines": 0,
            "excluded_lines": 0,
            "missing_lines": 1,
            "num_statements": 1,
            "percent_covered": 0.0,
            "percent_covered_display": "0"
          }
        },
        "get_user_tier_limits": {
          "excluded_lines": [],
          "executed_lines": [],
          "missing_lines": [
            411
          ],
          "summary": {
            "covered_lines": 0,
            "excluded_lines": 0,
            "missing_lines": 1,
            "num_statements": 1,
            "percent_covered": 0.0,
            "percent_covered_display": "0"
          }
        },
        "record_render_usage": {
          "excluded_lines": [],
          "executed_lines": [],
          "missing_lines": [
            427,
            428
          ],
          "summary": {
            "covered_lines": 0,
            "excluded_lines": 0,
            "missing_lines": 2,
            "num_statements": 2,
            "percent_covered": 0.0,
            "percent_covered_display": "0"
          }
        },
        "update_clip_status": {
          "excluded_lines": [],
          "executed_lines": [],
          "missing_lines": [
            107,
            108,
            109,
            110,
            111,
            112,
            113,
            115
          ],
          "summary": {
            "covered_lines": 0,
            "excluded_lines": 0,
            "missing_lines": 8,
            "num_statements": 8,
            "percent_covered": 0.0,
            "percent_covered_display": "0"
          }
        },
        "update_processing_job": {
          "excluded_lines": [],
          "executed_lines": [],
          "missing_lines": [
            201,
            202,
            203,
            204,
            205,
            206,
            207,
            208,
            209,
            211
          ],
          "summary": {
            "covered_lines": 0,
            "excluded_lines": 0,
            "missing_lines": 10,
            "num_statements": 10,
            "percent_covered": 0.0,
            "percent_covered_display": "0"
          }
        },
        "update_project_status": {
          "excluded_lines": [],
          "executed_lines": [],
          "missing_lines": [
            255,
            256,
            257,
            258,
            259,
            260,
            261,
            262,
            263,
            265
          ],
          "summary": {
            "covered_lines": 0,
            "excluded_lines": 0,
            "missing_lines": 10,
            "num_statements": 10,
            "percent_covered": 0.0,
            "percent_covered_display": "0"
          }
        },
        "upload_compilation": {
          "excluded_lines": [],
          "executed_lines": [],
          "missing_lines": [
            526,
            528,
            529,
            530,
            532,
            533,
            534,
            536,
            538,
            539,
            542,
            543,
            545,
            546
          ],
          "summary": {
            "covered_lines": 0,
            "excluded_lines": 0,
            "missing_lines": 14,
            "num_statements": 14,
            "percent_covered": 0.0,
            "percent_covered_display": "0"
          }
        }
      },
      "missing_lines": [
        107,
        108,
        109,
        110,
        111,
        112,
        113,
        115,
        135,
        152,
        159,
        179,
        201,
        202,
        203,
        204,
        205,
        206,
        207,
        208,
        209,
        211,
        233,
        255,
        256,
        257,
        258,
        259,
        260,
        261,
        262,
        263,
        265,
        294,
        298,
        299,
        300,
        301,
        303,
        364,
        368,
        370,
        372,
        374,
        376,
        394,
        411,
        427,
        428,
        474,
        499,
        500,
        526,
        528,
        529,
        530,
        532,
        533,
        534,
        536,
        538,
        539,
        542,
        543,
        545,
        546
      ],
      "summary": {
        "covered_lines": 45,
        "excluded_lines": 0,
        "missing_lines": 66,
        "num_statements": 111,
        "percent_covered": 40.54054054054054,
        "percent_covered_display": "41"
      }
    },
    "app/tasks/worker_heartbeat.py": {
      "classes": {
        "": {
          "excluded_lines": [],
          "executed_lines": [],
          "missing_lines": [
            7,
            8,
            9,
            11,
            13,
            16,
            18,
            19,
            20,
            21,
            23,
            33,
            34,
            36,
            38,
            39,
            41,
            42,
            43,
            44,
            46,
            49,
            52,
            54,
            55,
            58,
            59,
            61,
            62,
            69,
            71,
            73,
            78
          ],
          "summary": {
            "covered_lines": 0,
            "excluded_lines": 0,
            "missing_lines": 33,
            "num_statements": 33,
            "percent_covered": 0.0,
            "percent_covered_display": "0"
          }
        }
      },
      "excluded_lines": [],
      "executed_lines": [],
      "functions": {
        "": {
          "excluded_lines": [],
          "executed_lines": [],
          "missing_lines": [
            7,
            8,
            9,
            11,
            13,
            16,
            33,
            34,
            49,
            52
          ],
          "summary": {
            "covered_lines": 0,
            "excluded_lines": 0,
            "missing_lines": 10,
            "num_statements": 10,
            "percent_covered": 0.0,
            "percent_covered_display": "0"
          }
        },
        "get_worker_info": {
          "excluded_lines": [],
          "executed_lines": [],
          "missing_lines": [
            18,
            19,
            20,
            21,
            23
          ],
          "summary": {
            "covered_lines": 0,
            "excluded_lines": 0,
            "missing_lines": 5,
            "num_statements": 5,
            "percent_covered": 0.0,
            "percent_covered_display": "0"
          }
        },
        "heartbeat_task": {
          "excluded_lines": [],
          "executed_lines": [],
          "missing_lines": [
            36,
            38,
            39,
            41,
            42,
            43,
            44,
            46
          ],
          "summary": {
            "covered_lines": 0,
            "excluded_lines": 0,
            "missing_lines": 8,
            "num_statements": 8,
            "percent_covered": 0.0,
            "percent_covered_display": "0"
          }
        },
        "worker_startup_task": {
          "excluded_lines": [],
          "executed_lines": [],
          "missing_lines": [
            54,
            55,
            58,
            59,
            61,
            62,
            69,
            71,
            73,
            78
          ],
          "summary": {
            "covered_lines": 0,
            "excluded_lines": 0,
            "missing_lines": 10,
            "num_statements": 10,
            "percent_covered": 0.0,
            "percent_covered_display": "0"
          }
        }
      },
      "missing_lines": [
        7,
        8,
        9,
        11,
        13,
        16,
        18,
        19,
        20,
        21,
        23,
        33,
        34,
        36,
        38,
        39,
        41,
        42,
        43,
        44,
        46,
        49,
        52,
        54,
        55,
        58,
        59,
        61,
        62,
        69,
        71,
        73,
        78
      ],
      "summary": {
        "covered_lines": 0,
        "excluded_lines": 0,
        "missing_lines": 33,
        "num_statements": 33,
        "percent_covered": 0.0,
        "percent_covered_display": "0"
      }
    },
    "app/version.py": {
      "classes": {
        "": {
          "excluded_lines": [],
          "executed_lines": [
            1,
            5,
            6,
            9,
            134,
            136,
            139,
            144
          ],
          "missing_lines": [
            141,
            146
          ],
          "summary": {
            "covered_lines": 7,
            "excluded_lines": 0,
            "missing_lines": 2,
            "num_statements": 9,
            "percent_covered": 77.77777777777777,
            "percent_covered_display": "78"
          }
        }
      },
      "excluded_lines": [],
      "executed_lines": [
        1,
        5,
        6,
        9,
        134,
        136,
        139,
        144
      ],
      "functions": {
        "": {
          "excluded_lines": [],
          "executed_lines": [
            1,
            5,
            6,
            9,
            134,
            139,
            144
          ],
          "missing_lines": [],
          "summary": {
            "covered_lines": 6,
            "excluded_lines": 0,
            "missing_lines": 0,
            "num_statements": 6,
            "percent_covered": 100.0,
            "percent_covered_display": "100"
          }
        },
        "get_changelog": {
          "excluded_lines": [],
          "executed_lines": [],
          "missing_lines": [
            146
          ],
          "summary": {
            "covered_lines": 0,
            "excluded_lines": 0,
            "missing_lines": 1,
            "num_statements": 1,
            "percent_covered": 0.0,
            "percent_covered_display": "0"
          }
        },
        "get_version": {
          "excluded_lines": [],
          "executed_lines": [
            136
          ],
          "missing_lines": [],
          "summary": {
            "covered_lines": 1,
            "excluded_lines": 0,
            "missing_lines": 0,
            "num_statements": 1,
            "percent_covered": 100.0,
            "percent_covered_display": "100"
          }
        },
        "get_version_info": {
          "excluded_lines": [],
          "executed_lines": [],
          "missing_lines": [
            141
          ],
          "summary": {
            "covered_lines": 0,
            "excluded_lines": 0,
            "missing_lines": 1,
            "num_statements": 1,
            "percent_covered": 0.0,
            "percent_covered_display": "0"
          }
        }
      },
      "missing_lines": [
        141,
        146
      ],
      "summary": {
        "covered_lines": 7,
        "excluded_lines": 0,
        "missing_lines": 2,
        "num_statements": 9,
        "percent_covered": 77.77777777777777,
        "percent_covered_display": "78"
      }
    },
    "app/worker_version_check.py": {
      "classes": {
        "": {
          "excluded_lines": [],
          "executed_lines": [],
          "missing_lines": [
            7,
            8,
            10,
            11,
            14,
            17,
            18,
            21,
            30,
            31,
            32,
            34,
            35,
            36,
            39,
            52,
            53,
            54,
            55,
            57,
            58,
            60,
            62,
            63,
            65,
            66,
            67,
            68,
            70,
            75,
            76,
            78,
            80,
            81,
            88,
            90,
            91,
            100,
            102,
            110,
            113,
            124,
            125,
            127,
            129,
            130,
            133,
            134,
            136,
            139,
            156,
            158,
            159,
            161,
            162,
            163,
            165,
            166,
            168,
            170,
            172,
            179,
            180,
            187
          ],
          "summary": {
            "covered_lines": 0,
            "excluded_lines": 0,
            "missing_lines": 64,
            "num_statements": 64,
            "percent_covered": 0.0,
            "percent_covered_display": "0"
          }
        }
      },
      "excluded_lines": [],
      "executed_lines": [],
      "functions": {
        "": {
          "excluded_lines": [],
          "executed_lines": [],
          "missing_lines": [
            7,
            8,
            10,
            11,
            14,
            17,
            18,
            21,
            39,
            113,
            139
          ],
          "summary": {
            "covered_lines": 0,
            "excluded_lines": 0,
            "missing_lines": 11,
            "num_statements": 11,
            "percent_covered": 0.0,
            "percent_covered_display": "0"
          }
        },
        "check_queue_health": {
          "excluded_lines": [],
          "executed_lines": [],
          "missing_lines": [
            156,
            158,
            159,
            161,
            162,
            163,
            165,
            166,
            168,
            170,
            172,
            179,
            180,
            187
          ],
          "summary": {
            "covered_lines": 0,
            "excluded_lines": 0,
            "missing_lines": 14,
            "num_statements": 14,
            "percent_covered": 0.0,
            "percent_covered_display": "0"
          }
        },
        "get_active_workers": {
          "excluded_lines": [],
          "executed_lines": [],
          "missing_lines": [
            52,
            53,
            54,
            55,
            57,
            58,
            60,
            62,
            63,
            65,
            66,
            67,
            68,
            70,
            75,
            76,
            78,
            80,
            81,
            88,
            90,
            91,
            100,
            102,
            110
          ],
          "summary": {
            "covered_lines": 0,
            "excluded_lines": 0,
            "missing_lines": 25,
            "num_statements": 25,
            "percent_covered": 0.0,
            "percent_covered_display": "0"
          }
        },
        "get_compatible_workers": {
          "excluded_lines": [],
          "executed_lines": [],
          "missing_lines": [
            124,
            125,
            127,
            129,
            130,
            133,
            134,
            136
          ],
          "summary": {
            "covered_lines": 0,
            "excluded_lines": 0,
            "missing_lines": 8,
            "num_statements": 8,
            "percent_covered": 0.0,
            "percent_covered_display": "0"
          }
        },
        "parse_worker_version": {
          "excluded_lines": [],
          "executed_lines": [],
          "missing_lines": [
            30,
            31,
            32,
            34,
            35,
            36
          ],
          "summary": {
            "covered_lines": 0,
            "excluded_lines": 0,
            "missing_lines": 6,
            "num_statements": 6,
            "percent_covered": 0.0,
            "percent_covered_display": "0"
          }
        }
      },
      "missing_lines": [
        7,
        8,
        10,
        11,
        14,
        17,
        18,
        21,
        30,
        31,
        32,
        34,
        35,
        36,
        39,
        52,
        53,
        54,
        55,
        57,
        58,
        60,
        62,
        63,
        65,
        66,
        67,
        68,
        70,
        75,
        76,
        78,
        80,
        81,
        88,
        90,
        91,
        100,
        102,
        110,
        113,
        124,
        125,
        127,
        129,
        130,
        133,
        134,
        136,
        139,
        156,
        158,
        159,
        161,
        162,
        163,
        165,
        166,
        168,
        170,
        172,
        179,
        180,
        187
      ],
      "summary": {
        "covered_lines": 0,
        "excluded_lines": 0,
        "missing_lines": 64,
        "num_statements": 64,
        "percent_covered": 0.0,
        "percent_covered_display": "0"
      }
    }
  },
  "meta": {
    "branch_coverage": false,
    "format": 3,
    "show_contexts": false,
    "timestamp": "2025-11-19T17:12:59.821807",
    "version": "7.10.7"
  },
  "totals": {
    "covered_lines": 2089,
    "excluded_lines": 96,
    "missing_lines": 6884,
    "num_statements": 8973,
    "percent_covered": 23.2809539730302,
    "percent_covered_display": "23"
  }
}
